/* Start up: 18.12.2019 06:21:00 */

/* Start up: 18.12.2019 06:21:23 */

/* Start up: 18.12.2019 06:21:44 */

[18.12.2019 06:22:30] [User.ReceiveData] » [DEBUG] NeonBey No TCP Client - kick out
[18.12.2019 06:22:35] [User.ReceiveData] » [DEBUG] NeonBey No TCP Client - kick out
[18.12.2019 06:22:40] [User.ReceiveData] » [DEBUG] NeonBey No TCP Client - kick out
[18.12.2019 06:22:45] [User.ReceiveData] » [DEBUG] NeonBey No TCP Client - kick out
[18.12.2019 06:22:47] [ExecutionContext.RunInternal] » [DEBUG] NeonBey has been kicked out from the server because hasn't a tcp connection
[18.12.2019 06:22:53] [ExecutionContext.RunInternal] » [DEBUG] NeonBey has been kicked out from the server because hasn't a tcp connection
/* Start up: 18.12.2019 06:23:52 */

/* Start up: 18.12.2019 06:24:52 */

[18.12.2019 06:25:27] [User.ReceiveData] » [DEBUG] NeonBey No TCP Client - kick out
[18.12.2019 06:25:32] [User.ReceiveData] » [DEBUG] NeonBey No TCP Client - kick out
[18.12.2019 06:25:37] [User.ReceiveData] » [DEBUG] NeonBey No TCP Client - kick out
[18.12.2019 06:25:42] [User.ReceiveData] » [DEBUG] NeonBey No TCP Client - kick out
[18.12.2019 06:25:47] [User.ReceiveData] » [DEBUG] NeonBey No TCP Client - kick out
[18.12.2019 06:25:53] [User.ReceiveData] » [DEBUG] NeonBey No TCP Client - kick out
[18.12.2019 06:25:57] [User.ReceiveData] » [DEBUG] NeonBey No TCP Client - kick out
[18.12.2019 06:26:03] [User.ReceiveData] » [DEBUG] NeonBey No TCP Client - kick out
[18.12.2019 06:26:08] [User.ReceiveData] » [DEBUG] NeonBey No TCP Client - kick out
[18.12.2019 06:26:13] [User.ReceiveData] » [DEBUG] NeonBey No TCP Client - kick out
[18.12.2019 06:26:18] [User.ReceiveData] » [DEBUG] NeonBey No TCP Client - kick out
[18.12.2019 06:26:23] [User.ReceiveData] » [DEBUG] NeonBey No TCP Client - kick out
[18.12.2019 06:26:28] [User.ReceiveData] » [DEBUG] NeonBey No TCP Client - kick out
[18.12.2019 06:26:33] [User.ReceiveData] » [DEBUG] NeonBey No TCP Client - kick out
[18.12.2019 06:26:38] [User.ReceiveData] » [DEBUG] NeonBey No TCP Client - kick out
[18.12.2019 06:26:43] [User.ReceiveData] » [DEBUG] NeonBey No TCP Client - kick out
[18.12.2019 06:26:48] [User.ReceiveData] » [DEBUG] NeonBey No TCP Client - kick out
[18.12.2019 06:26:53] [User.ReceiveData] » [DEBUG] NeonBey No TCP Client - kick out
[18.12.2019 06:26:58] [User.ReceiveData] » [DEBUG] NeonBey No TCP Client - kick out
[18.12.2019 06:27:03] [User.ReceiveData] » [DEBUG] NeonBey No TCP Client - kick out
[18.12.2019 06:27:08] [User.ReceiveData] » [DEBUG] NeonBey No TCP Client - kick out
[18.12.2019 06:27:13] [User.ReceiveData] » [DEBUG] NeonBey No TCP Client - kick out
[18.12.2019 06:27:18] [User.ReceiveData] » [DEBUG] NeonBey No TCP Client - kick out
[18.12.2019 06:27:23] [User.ReceiveData] » [DEBUG] NeonBey No TCP Client - kick out
[18.12.2019 06:27:28] [User.ReceiveData] » [DEBUG] NeonBey No TCP Client - kick out
[18.12.2019 06:27:33] [User.ReceiveData] » [DEBUG] NeonBey No TCP Client - kick out
[18.12.2019 06:27:38] [User.ReceiveData] » [DEBUG] NeonBey No TCP Client - kick out
[18.12.2019 06:27:43] [User.ReceiveData] » [DEBUG] NeonBey No TCP Client - kick out
[18.12.2019 06:27:48] [User.ReceiveData] » [DEBUG] NeonBey No TCP Client - kick out
[18.12.2019 06:27:53] [User.ReceiveData] » [DEBUG] NeonBey No TCP Client - kick out
[18.12.2019 06:27:58] [User.ReceiveData] » [DEBUG] NeonBey No TCP Client - kick out
[18.12.2019 06:28:02] [ExecutionContext.RunInternal] » [DEBUG] NeonBey has been kicked out from the server because hasn't a tcp connection
[18.12.2019 06:28:13] [User.ReceiveData] » [DEBUG] NeonBey No TCP Client - kick out
[18.12.2019 06:28:13] [ExecutionContext.RunInternal] » [DEBUG] NeonBey has been kicked out from the server because hasn't a tcp connection
[18.12.2019 06:28:28] [User.ReceiveData] » [DEBUG] NeonBey No TCP Client - kick out
[18.12.2019 06:28:33] [User.ReceiveData] » [DEBUG] NeonBey No TCP Client - kick out
[18.12.2019 06:28:38] [User.ReceiveData] » [DEBUG] NeonBey No TCP Client - kick out
[18.12.2019 06:28:43] [User.ReceiveData] » [DEBUG] NeonBey No TCP Client - kick out
/* Start up: 18.12.2019 06:29:30 */

/* Start up: 18.12.2019 06:29:46 */

/* Start up: 18.12.2019 06:30:47 */

[18.12.2019 06:32:30] [User.ReceiveData] » Error parsing user information for user Neon
/* Start up: 18.12.2019 06:35:51 */

/* Start up: 18.12.2019 06:38:57 */

[18.12.2019 06:41:33] [User.ReceiveData] » User LegendWaRR tried to unequip slot 21
[18.12.2019 06:42:02] [User.ReceiveData] » User LegendWaRR tried to unequip slot 13
[18.12.2019 06:42:17] [User.ReceiveData] » User LegendWaRR tried to unequip slot 27
/* Start up: 18.12.2019 06:45:48 */

[18.12.2019 06:49:01] [User.ReceiveData] » User LegedPro tried to unequip slot 27
[18.12.2019 07:18:30] [User.ReceiveData] » User LegedPro tried to unequip slot 15
/* Start up: 18.12.2019 07:22:10 */

